<?xml version="1.0" encoding="UTF-8"?>
<coverage generated="1657749330687" clover="3.2.0">
  <project timestamp="1657749330687" name="All files">
    <metrics statements="132" coveredstatements="53" conditionals="30" coveredconditionals="9" methods="74" coveredmethods="27" elements="236" coveredelements="89" complexity="0" loc="132" ncloc="132" packages="4" files="15" classes="15"/>
    <package name="src">
      <metrics statements="5" coveredstatements="4" conditionals="0" coveredconditionals="0" methods="4" coveredmethods="3"/>
      <file name="app.jsx" path="/Users/chrisbaharians/RPP36/fec-utopia/client/src/app.jsx">
        <metrics statements="5" coveredstatements="4" conditionals="0" coveredconditionals="0" methods="4" coveredmethods="3"/>
        <line num="10" count="2" type="stmt"/>
        <line num="11" count="2" type="stmt"/>
        <line num="18" count="2" type="stmt"/>
        <line num="19" count="0" type="stmt"/>
        <line num="26" count="2" type="stmt"/>
      </file>
    </package>
    <package name="src.components.overview">
      <metrics statements="60" coveredstatements="30" conditionals="24" coveredconditionals="9" methods="30" coveredmethods="15"/>
      <file name="AddToCart.jsx" path="/Users/chrisbaharians/RPP36/fec-utopia/client/src/components/overview/AddToCart.jsx">
        <metrics statements="16" coveredstatements="6" conditionals="10" coveredconditionals="4" methods="7" coveredmethods="4"/>
        <line num="6" count="2" type="stmt"/>
        <line num="7" count="2" type="stmt"/>
        <line num="13" count="2" type="cond" truecount="1" falsecount="1"/>
        <line num="14" count="0" type="stmt"/>
        <line num="15" count="0" type="stmt"/>
        <line num="20" count="2" type="cond" truecount="2" falsecount="2"/>
        <line num="21" count="0" type="stmt"/>
        <line num="22" count="0" type="stmt"/>
        <line num="23" count="0" type="stmt"/>
        <line num="24" count="0" type="cond" truecount="0" falsecount="2"/>
        <line num="25" count="0" type="stmt"/>
        <line num="27" count="0" type="stmt"/>
        <line num="28" count="2" type="cond" truecount="1" falsecount="1"/>
        <line num="29" count="0" type="stmt"/>
        <line num="34" count="0" type="stmt"/>
        <line num="40" count="2" type="stmt"/>
      </file>
      <file name="ImageGallery.jsx" path="/Users/chrisbaharians/RPP36/fec-utopia/client/src/components/overview/ImageGallery.jsx">
        <metrics statements="8" coveredstatements="6" conditionals="4" coveredconditionals="2" methods="4" coveredmethods="3"/>
        <line num="3" count="2" type="stmt"/>
        <line num="4" count="2" type="cond" truecount="1" falsecount="1"/>
        <line num="5" count="0" type="stmt"/>
        <line num="8" count="2" type="stmt"/>
        <line num="9" count="2" type="cond" truecount="1" falsecount="1"/>
        <line num="10" count="0" type="stmt"/>
        <line num="13" count="2" type="stmt"/>
        <line num="14" count="2" type="stmt"/>
      </file>
      <file name="Overview.jsx" path="/Users/chrisbaharians/RPP36/fec-utopia/client/src/components/overview/Overview.jsx">
        <metrics statements="18" coveredstatements="4" conditionals="4" coveredconditionals="0" methods="10" coveredmethods="2"/>
        <line num="11" count="2" type="stmt"/>
        <line num="12" count="2" type="stmt"/>
        <line num="19" count="2" type="stmt"/>
        <line num="23" count="0" type="cond" truecount="0" falsecount="2"/>
        <line num="24" count="0" type="stmt"/>
        <line num="25" count="0" type="stmt"/>
        <line num="29" count="0" type="stmt"/>
        <line num="31" count="0" type="stmt"/>
        <line num="39" count="0" type="stmt"/>
        <line num="45" count="0" type="stmt"/>
        <line num="47" count="0" type="stmt"/>
        <line num="48" count="0" type="cond" truecount="0" falsecount="2"/>
        <line num="49" count="0" type="stmt"/>
        <line num="54" count="0" type="stmt"/>
        <line num="57" count="0" type="stmt"/>
        <line num="64" count="0" type="stmt"/>
        <line num="65" count="0" type="stmt"/>
        <line num="72" count="2" type="stmt"/>
      </file>
      <file name="ProductInformation.jsx" path="/Users/chrisbaharians/RPP36/fec-utopia/client/src/components/overview/ProductInformation.jsx">
        <metrics statements="6" coveredstatements="5" conditionals="2" coveredconditionals="1" methods="2" coveredmethods="2"/>
        <line num="3" count="2" type="stmt"/>
        <line num="4" count="2" type="cond" truecount="1" falsecount="1"/>
        <line num="5" count="0" type="stmt"/>
        <line num="7" count="2" type="stmt"/>
        <line num="10" count="2" type="stmt"/>
        <line num="11" count="2" type="stmt"/>
      </file>
      <file name="ProductInformationFreetext.jsx" path="/Users/chrisbaharians/RPP36/fec-utopia/client/src/components/overview/ProductInformationFreetext.jsx">
        <metrics statements="6" coveredstatements="5" conditionals="2" coveredconditionals="1" methods="3" coveredmethods="2"/>
        <line num="3" count="2" type="stmt"/>
        <line num="4" count="2" type="cond" truecount="1" falsecount="1"/>
        <line num="5" count="0" type="stmt"/>
        <line num="7" count="2" type="stmt"/>
        <line num="10" count="2" type="stmt"/>
        <line num="11" count="2" type="stmt"/>
      </file>
      <file name="StyleSelector.jsx" path="/Users/chrisbaharians/RPP36/fec-utopia/client/src/components/overview/StyleSelector.jsx">
        <metrics statements="6" coveredstatements="4" conditionals="2" coveredconditionals="1" methods="4" coveredmethods="2"/>
        <line num="3" count="2" type="stmt"/>
        <line num="4" count="2" type="cond" truecount="1" falsecount="1"/>
        <line num="5" count="0" type="stmt"/>
        <line num="6" count="0" type="stmt"/>
        <line num="10" count="2" type="stmt"/>
        <line num="11" count="2" type="stmt"/>
      </file>
    </package>
    <package name="src.components.questionsAndAnswers">
      <metrics statements="40" coveredstatements="6" conditionals="4" coveredconditionals="0" methods="25" coveredmethods="4"/>
      <file name="AnswersListItem.jsx" path="/Users/chrisbaharians/RPP36/fec-utopia/client/src/components/questionsAndAnswers/AnswersListItem.jsx">
        <metrics statements="16" coveredstatements="0" conditionals="2" coveredconditionals="0" methods="8" coveredmethods="0"/>
        <line num="6" count="0" type="stmt"/>
        <line num="7" count="0" type="stmt"/>
        <line num="12" count="0" type="stmt"/>
        <line num="13" count="0" type="stmt"/>
        <line num="14" count="0" type="stmt"/>
        <line num="18" count="0" type="stmt"/>
        <line num="19" count="0" type="stmt"/>
        <line num="26" count="0" type="stmt"/>
        <line num="29" count="0" type="stmt"/>
        <line num="34" count="0" type="stmt"/>
        <line num="40" count="0" type="stmt"/>
        <line num="43" count="0" type="stmt"/>
        <line num="51" count="0" type="cond" truecount="0" falsecount="2"/>
        <line num="52" count="0" type="stmt"/>
        <line num="54" count="0" type="stmt"/>
        <line num="57" count="0" type="stmt"/>
      </file>
      <file name="HelpfulAnswer.jsx" path="/Users/chrisbaharians/RPP36/fec-utopia/client/src/components/questionsAndAnswers/HelpfulAnswer.jsx">
        <metrics statements="9" coveredstatements="0" conditionals="0" coveredconditionals="0" methods="6" coveredmethods="0"/>
        <line num="6" count="0" type="stmt"/>
        <line num="7" count="0" type="stmt"/>
        <line num="10" count="0" type="stmt"/>
        <line num="11" count="0" type="stmt"/>
        <line num="15" count="0" type="stmt"/>
        <line num="21" count="0" type="stmt"/>
        <line num="24" count="0" type="stmt"/>
        <line num="29" count="0" type="stmt"/>
        <line num="35" count="0" type="stmt"/>
      </file>
      <file name="QASection.jsx" path="/Users/chrisbaharians/RPP36/fec-utopia/client/src/components/questionsAndAnswers/QASection.jsx">
        <metrics statements="6" coveredstatements="3" conditionals="2" coveredconditionals="0" methods="4" coveredmethods="2"/>
        <line num="7" count="2" type="stmt"/>
        <line num="8" count="2" type="stmt"/>
        <line num="14" count="0" type="cond" truecount="0" falsecount="2"/>
        <line num="15" count="0" type="stmt"/>
        <line num="18" count="0" type="stmt"/>
        <line num="23" count="2" type="stmt"/>
      </file>
      <file name="QuestionsList.jsx" path="/Users/chrisbaharians/RPP36/fec-utopia/client/src/components/questionsAndAnswers/QuestionsList.jsx">
        <metrics statements="4" coveredstatements="3" conditionals="0" coveredconditionals="0" methods="3" coveredmethods="2"/>
        <line num="6" count="2" type="stmt"/>
        <line num="7" count="2" type="stmt"/>
        <line num="11" count="2" type="stmt"/>
        <line num="15" count="0" type="stmt"/>
      </file>
      <file name="QuestionsListItem.jsx" path="/Users/chrisbaharians/RPP36/fec-utopia/client/src/components/questionsAndAnswers/QuestionsListItem.jsx">
        <metrics statements="5" coveredstatements="0" conditionals="0" coveredconditionals="0" methods="4" coveredmethods="0"/>
        <line num="7" count="0" type="stmt"/>
        <line num="8" count="0" type="stmt"/>
        <line num="14" count="0" type="stmt"/>
        <line num="20" count="0" type="stmt"/>
        <line num="24" count="0" type="stmt"/>
      </file>
    </package>
    <package name="src.components.relatedItems">
      <metrics statements="27" coveredstatements="13" conditionals="2" coveredconditionals="0" methods="15" coveredmethods="5"/>
      <file name="Outfit.jsx" path="/Users/chrisbaharians/RPP36/fec-utopia/client/src/components/relatedItems/Outfit.jsx">
        <metrics statements="3" coveredstatements="3" conditionals="0" coveredconditionals="0" methods="2" coveredmethods="2"/>
        <line num="5" count="3" type="stmt"/>
        <line num="6" count="3" type="stmt"/>
        <line num="14" count="3" type="stmt"/>
      </file>
      <file name="RelatedItems.jsx" path="/Users/chrisbaharians/RPP36/fec-utopia/client/src/components/relatedItems/RelatedItems.jsx">
        <metrics statements="11" coveredstatements="7" conditionals="0" coveredconditionals="0" methods="4" coveredmethods="1"/>
        <line num="3" count="2" type="stmt"/>
        <line num="4" count="3" type="stmt"/>
        <line num="6" count="3" type="stmt"/>
        <line num="7" count="0" type="stmt"/>
        <line num="8" count="0" type="stmt"/>
        <line num="14" count="3" type="stmt"/>
        <line num="17" count="3" type="stmt"/>
        <line num="18" count="0" type="stmt"/>
        <line num="30" count="3" type="stmt"/>
        <line num="31" count="0" type="stmt"/>
        <line num="35" count="3" type="stmt"/>
      </file>
      <file name="RelatedProducts.jsx" path="/Users/chrisbaharians/RPP36/fec-utopia/client/src/components/relatedItems/RelatedProducts.jsx">
        <metrics statements="13" coveredstatements="3" conditionals="2" coveredconditionals="0" methods="9" coveredmethods="2"/>
        <line num="9" count="3" type="stmt"/>
        <line num="10" count="3" type="stmt"/>
        <line num="16" count="0" type="cond" truecount="0" falsecount="2"/>
        <line num="17" count="0" type="stmt"/>
        <line num="19" count="0" type="stmt"/>
        <line num="20" count="0" type="stmt"/>
        <line num="21" count="0" type="stmt"/>
        <line num="23" count="0" type="stmt"/>
        <line num="25" count="0" type="stmt"/>
        <line num="29" count="0" type="stmt"/>
        <line num="34" count="0" type="stmt"/>
        <line num="37" count="0" type="stmt"/>
        <line num="43" count="3" type="stmt"/>
      </file>
    </package>
  </project>
</coverage>
